<?xml version="1.0" encoding="UTF-8"?>
<testsuite name="AllChangeCollector.AppTest" tests="1" skipped="0" failures="0" errors="0" timestamp="2022-08-11T07:50:12" hostname="LESHEN" time="0.008">
  <properties/>
  <testcase name="appHasAGreeting()" classname="AllChangeCollector.AppTest" time="0.008"/>
  <system-out><![CDATA[]]></system-out>
  <system-err><![CDATA[]]></system-err>
</testsuite>
